> Task :app:preBuild UP-TO-DATE
> Task :app:preDebugBuild UP-TO-DATE
> Task :app:mergeDebugNativeDebugMetadata NO-SOURCE
> Task :app:checkKotlinGradlePluginConfigurationErrors SKIPPED
> Task :app:checkDebugAarMetadata UP-TO-DATE
> Task :app:processDebugNavigationResources UP-TO-DATE
> Task :app:compileDebugNavigationResources UP-TO-DATE
> Task :app:generateDebugResValues UP-TO-DATE
> Task :app:processDebugGoogleServices UP-TO-DATE
> Task :app:mapDebugSourceSetPaths UP-TO-DATE
> Task :app:generateDebugResources UP-TO-DATE
> Task :app:mergeDebugResources UP-TO-DATE
> Task :app:packageDebugResources UP-TO-DATE
> Task :app:parseDebugLocalResources UP-TO-DATE
> Task :app:createDebugCompatibleScreenManifests UP-TO-DATE
> Task :app:extractDeepLinksDebug UP-TO-DATE
> Task :app:processDebugMainManifest UP-TO-DATE
> Task :app:processDebugManifest UP-TO-DATE
> Task :app:processDebugManifestForPackage UP-TO-DATE
> Task :app:javaPreCompileDebug UP-TO-DATE
> Task :app:mergeDebugShaders UP-TO-DATE
> Task :app:compileDebugShaders NO-SOURCE
> Task :app:generateDebugAssets UP-TO-DATE
> Task :app:mergeDebugAssets UP-TO-DATE
> Task :app:compressDebugAssets UP-TO-DATE
> Task :app:checkDebugDuplicateClasses UP-TO-DATE
> Task :app:desugarDebugFileDependencies UP-TO-DATE
> Task :app:mergeExtDexDebug UP-TO-DATE
> Task :app:mergeLibDexDebug UP-TO-DATE
> Task :app:mergeDebugJniLibFolders UP-TO-DATE
> Task :app:mergeDebugNativeLibs UP-TO-DATE
> Task :app:stripDebugDebugSymbols UP-TO-DATE
> Task :app:validateSigningDebug UP-TO-DATE
> Task :app:writeDebugAppMetadata UP-TO-DATE
> Task :app:writeDebugSigningConfigVersions UP-TO-DATE
> Task :app:processDebugResources FAILED

FAILURE: Build failed with an exception.

* What went wrong:
Execution failed for task ':app:processDebugResources'.
> A failure occurred while executing com.android.build.gradle.internal.res.LinkApplicationAndroidResourcesTask$TaskAction
   > Android resource linking failed
     dev.ml.fuelhub.app-main-63:/drawable/ic_launcher_background.xml:25: error: attribute android:cx not found.
     dev.ml.fuelhub.app-main-63:/drawable/ic_launcher_background.xml:25: error: attribute android:cy not found.
     dev.ml.fuelhub.app-main-63:/drawable/ic_launcher_background.xml:25: error: attribute android:r not found.
     dev.ml.fuelhub.app-main-63:/drawable/ic_launcher_foreground.xml:22: error: attribute android:rx not found.
     dev.ml.fuelhub.app-main-63:/drawable/ic_launcher_foreground.xml:22: error: '8' is incompatible with attribute height (attr) dimension.
     dev.ml.fuelhub.app-main-63:/drawable/ic_launcher_foreground.xml:22: error: '43' is incompatible with attribute x (attr) dimension.
     dev.ml.fuelhub.app-main-63:/drawable/ic_launcher_foreground.xml:22: error: '11' is incompatible with attribute width (attr) dimension.
     dev.ml.fuelhub.app-main-63:/drawable/ic_launcher_foreground.xml:22: error: '24' is incompatible with attribute y (attr) dimension.
     dev.ml.fuelhub.app-main-63:/drawable/ic_launcher_foreground.xml:31: error: attribute android:rx not found.
     dev.ml.fuelhub.app-main-63:/drawable/ic_launcher_foreground.xml:31: error: '2' is incompatible with attribute height (attr) dimension.
     dev.ml.fuelhub.app-main-63:/drawable/ic_launcher_foreground.xml:31: error: '43' is incompatible with attribute x (attr) dimension.
     dev.ml.fuelhub.app-main-63:/drawable/ic_launcher_foreground.xml:31: error: '11' is incompatible with attribute width (attr) dimension.
     dev.ml.fuelhub.app-main-63:/drawable/ic_launcher_foreground.xml:31: error: '24' is incompatible with attribute y (attr) dimension.
     dev.ml.fuelhub.app-main-63:/drawable/ic_launcher_foreground.xml:52: error: attribute android:cx not found.
     dev.ml.fuelhub.app-main-63:/drawable/ic_launcher_foreground.xml:52: error: attribute android:cy not found.
     dev.ml.fuelhub.app-main-63:/drawable/ic_launcher_foreground.xml:52: error: attribute android:r not found.
     dev.ml.fuelhub.app-main-63:/drawable/ic_launcher_foreground.xml:60: error: attribute android:cx not found.
     dev.ml.fuelhub.app-main-63:/drawable/ic_launcher_foreground.xml:60: error: attribute android:cy not found.
     dev.ml.fuelhub.app-main-63:/drawable/ic_launcher_foreground.xml:60: error: attribute android:r not found.
     dev.ml.fuelhub.app-main-63:/drawable/ic_launcher_foreground.xml:68: error: attribute android:cx not found.


* Try:
> Run with --stacktrace option to get the stack trace.
> Run with --info or --debug option to get more log output.
> Run with --scan to get full insights.
> Get more help at https://help.gradle.org.

BUILD FAILED in 2s
30 actionable tasks: 1 executed, 29 up-to-date
